<?xml version="1.0" encoding="UTF-8"?>
<testsuite xmlns:xsi="http://www.w3.org/2001/XMLSchema-instance" xsi:noNamespaceSchemaLocation="https://maven.apache.org/surefire/maven-surefire-plugin/xsd/surefire-test-report-3.0.xsd" version="3.0" name="com.kodekloud.hello_demo.HelloControllerTests" time="3.082" tests="6" errors="0" skipped="0" failures="1">
  <properties>
[...]
</properties>
  <testcase name="welcome_returnsNotEmpty" classname="com.kodekloud.hello_demo.HelloControllerTests" time="0.908">
    <system-out><![CDATA[12:24:09.766 [main] INFO org.springframework.test.context.support.AnnotationConfigContextLoaderUtils -- Could not detect default configuration classes for test class [com.kodekloud.hello_demo.HelloControllerTests]: HelloControllerTests does not declare any static, non-private, non-final, nested classes annotated with @Configuration.
12:24:09.861 [main] INFO org.springframework.boot.test.context.SpringBootTestContextBootstrapper -- Found @SpringBootConfiguration com.kodekloud.hello_demo.MainApplication for test class com.kodekloud.hello_demo.HelloControllerTests

  .   ____          _            __ _ _
 /\\ / ___'_ __ _ _(_)_ __  __ _ \ \ \ \
( ( )\___ | '_ | '_| | '_ \/ _` | \ \ \ \
 \\/  ___)| |_)| | | | | || (_| |  ) ) ) )
  '  |____| .__|_| |_|_| |_\__, | / / / /
 =========|_|==============|___/=/_/_/_/

 :: Spring Boot ::                (v3.3.2)

2025-02-24T12:24:10.286Z  INFO 32156 --- [hello-demo] [           main] c.k.hello_demo.HelloControllerTests      : Starting HelloControllerTests using Java 17.0.14 with PID 32156 (started by jenkins in /var/lib/jenkins/workspace/pipelineProject)
2025-02-24T12:24:10.288Z  INFO 32156 --- [hello-demo] [           main] c.k.hello_demo.HelloControllerTests      : No active profile set, falling back to 1 default profile: "default"
2025-02-24T12:24:11.647Z  INFO 32156 --- [hello-demo] [           main] o.s.b.t.m.w.SpringBootMockServletContext : Initializing Spring TestDispatcherServlet ''
2025-02-24T12:24:11.649Z  INFO 32156 --- [hello-demo] [           main] o.s.t.web.servlet.TestDispatcherServlet  : Initializing Servlet ''
2025-02-24T12:24:11.653Z  INFO 32156 --- [hello-demo] [           main] o.s.t.web.servlet.TestDispatcherServlet  : Completed initialization in 1 ms
2025-02-24T12:24:11.684Z  INFO 32156 --- [hello-demo] [           main] c.k.hello_demo.HelloControllerTests      : Started HelloControllerTests in 1.71 seconds (process running for 2.704)
]]></system-out>
  </testcase>
  <testcase name="welcome_returnsCorrectLength" classname="com.kodekloud.hello_demo.HelloControllerTests" time="0.012"/>
  <testcase name="welcome_returnsNotNull" classname="com.kodekloud.hello_demo.HelloControllerTests" time="0.013"/>
  <testcase name="welcome_ok" classname="com.kodekloud.hello_demo.HelloControllerTests" time="0.004"/>
  <testcase name="welcome_startsWithExpectedGreeting" classname="com.kodekloud.hello_demo.HelloControllerTests" time="0.016">
    <failure message="Response content&#10;Expected: a string starting with &quot;Hola&quot;&#10;     but: was &quot;Hello, KodeKloud community!&quot;" type="java.lang.AssertionError"><![CDATA[java.lang.AssertionError: 
Response content
Expected: a string starting with "Hola"
     but: was "Hello, KodeKloud community!"
	at org.hamcrest.MatcherAssert.assertThat(MatcherAssert.java:20)
	at org.springframework.test.web.servlet.result.ContentResultMatchers.lambda$string$3(ContentResultMatchers.java:141)
	at org.springframework.test.web.servlet.MockMvc$1.andExpect(MockMvc.java:214)
	at com.kodekloud.hello_demo.HelloControllerTests.welcome_startsWithExpectedGreeting(HelloControllerTests.java:63)
	at java.base/java.lang.reflect.Method.invoke(Method.java:569)
	at java.base/java.util.ArrayList.forEach(ArrayList.java:1511)
	at java.base/java.util.ArrayList.forEach(ArrayList.java:1511)
]]></failure>
    <system-out><![CDATA[
MockHttpServletRequest:
      HTTP Method = GET
      Request URI = /hello
       Parameters = {}
          Headers = [Accept:"application/json"]
             Body = null
    Session Attrs = {}

Handler:
             Type = com.kodekloud.hello_demo.HelloController
           Method = com.kodekloud.hello_demo.HelloController#hello()

Async:
    Async started = false
     Async result = null

Resolved Exception:
             Type = null

ModelAndView:
        View name = null
             View = null
            Model = null

FlashMap:
       Attributes = null

MockHttpServletResponse:
           Status = 200
    Error message = null
          Headers = [Content-Type:"application/json", Content-Length:"27"]
     Content type = application/json
             Body = Hello, KodeKloud community!
    Forwarded URL = null
   Redirected URL = null
          Cookies = []
]]></system-out>
  </testcase>
  <testcase name="welcome_endsWithExpectedGreeting" classname="com.kodekloud.hello_demo.HelloControllerTests" time="0.018"/>
</testsuite>